2020/11/13 16:43:54 [info]Loading report configuration from: c:\Users\akornienko\work\genx-go\ReportConfiguration.xml
2020/11/13 16:43:54 [info]Device founded
2020/11/13 16:43:54 [info][ElectricLockTask | Start] Task starded. Task expiration time:  2020-11-13 14:49:54 +0000 UTC . Current time:  2020-11-13 14:43:54.9092648 +0000 UTC
2020/11/13 16:43:54 [info][UDPChannel | Send] Message: SETRELAYDRIVE1X3FFFFFFF SERIALFILTER 000003870006
2020/11/13 16:43:54 [info][WaitingEctricLockAck] Successfuly attached
2020/11/13 16:44:48 [info]Received UDP packet: 33383730303036000000266c00045fae7f060a75b7e70810eb780002068c0006013d000000bb000063a22ed918000000000000000033383730303036000000266d00045fae80320a75b7e70810eb780002068c0006013d000000bd000063a22ede18000000000000000033383730303036000000266e00045fae815e0a75b7e70810eb780002068c0006013d000000bb000063a22edc18000000000000000033383730303036000000266f00045fae828a0a75b7e70810eb780002068c0006013d000000b9000063a22ed618000000000000000033383730303036000000267000045fae83b70a75b7e70810eb780002068c0006013d000000bb000063a22ed318000000000000000033383730303036000000267100045fae84e30a75b7e70810eb780002068c0006013d000000bb000063a22ee418000000000000000033383730303036000000267200045fae860f0a75b7e70810eb780002068c0006013d000000b9000063a22ed418000000000000000033383730303036000000267300045fae873a0a75b7e70810eb780002068c0006013d000000bd000063a22edc18000000000000000033383730303036000000267400045fae88660a75b7e70810eb780002068c0006013d000000bd000063a22ed3180000000000000000
2020/11/13 16:45:02 [info][ConsoleTestObserver | Update ] Received new message &{breport genx_000003870006 [0xc00015e080 0xc0001460c0 0xc0001480c8 0xc0001480e0 0xc0001480e8 0xc0001600c0 0xc0001460e0 0xc000146100 0xc000146120 0xc000146140 0xc000146160 0xc000146180 0xc0001461a0 0xc0001461c0] 0}
2020/11/13 16:45:02 [info][UDPChannel | Send] Message: SETRELAYDRIVE1X3FFFFFFF SERIALFILTER 000003870006
2020/11/13 16:45:05 [info][ConsoleTestObserver | Update ] Received new message &{breport genx_000003870006 [0xc00015e220 0xc000146220 0xc000148180 0xc000148188 0xc000148190 0xc000160200 0xc000146240 0xc000146260 0xc000146280 0xc0001462a0 0xc0001462c0 0xc0001462e0 0xc000146300 0xc000146320] 0}
2020/11/13 16:45:05 [info][UDPChannel | Send] Message: SETRELAYDRIVE1X3FFFFFFF SERIALFILTER 000003870006
2020/11/13 16:45:05 [info][ConsoleTestObserver | Update ] Received new message &{breport genx_000003870006 [0xc00015e3c0 0xc000146380 0xc000148218 0xc000148230 0xc000148238 0xc000160340 0xc0001463a0 0xc0001463c0 0xc0001463e0 0xc000146400 0xc000146420 0xc000146440 0xc000146460 0xc000146480] 0}
2020/11/13 16:45:05 [info][UDPChannel | Send] Message: SETRELAYDRIVE1X3FFFFFFF SERIALFILTER 000003870006
2020/11/13 16:45:05 [info][ConsoleTestObserver | Update ] Received new message &{breport genx_000003870006 [0xc00015e580 0xc0001464e0 0xc0001482d0 0xc0001482d8 0xc0001482e0 0xc000160480 0xc000146500 0xc000146520 0xc000146540 0xc000146560 0xc000146580 0xc0001465a0 0xc0001465c0 0xc0001465e0] 0}
2020/11/13 16:45:05 [info][UDPChannel | Send] Message: SETRELAYDRIVE1X3FFFFFFF SERIALFILTER 000003870006
2020/11/13 16:45:05 [info][ConsoleTestObserver | Update ] Received new message &{breport genx_000003870006 [0xc00015e720 0xc000146640 0xc000148368 0xc000148380 0xc000148388 0xc0001605c0 0xc000146660 0xc000146680 0xc0001466a0 0xc0001466c0 0xc0001466e0 0xc000146700 0xc000146720 0xc000146740] 0}
2020/11/13 16:45:05 [info][UDPChannel | Send] Message: SETRELAYDRIVE1X3FFFFFFF SERIALFILTER 000003870006
2020/11/13 16:45:05 [info][ConsoleTestObserver | Update ] Received new message &{breport genx_000003870006 [0xc00015e8c0 0xc0001467a0 0xc000148420 0xc000148428 0xc000148430 0xc000160740 0xc0001467c0 0xc0001467e0 0xc000146800 0xc000146820 0xc000146840 0xc000146860 0xc000146880 0xc0001468a0] 0}
2020/11/13 16:45:05 [info][UDPChannel | Send] Message: SETRELAYDRIVE1X3FFFFFFF SERIALFILTER 000003870006
2020/11/13 16:45:05 [info][ConsoleTestObserver | Update ] Received new message &{breport genx_000003870006 [0xc00015ea60 0xc000146900 0xc0001484b8 0xc0001484d0 0xc0001484d8 0xc000160880 0xc000146920 0xc000146940 0xc000146960 0xc000146980 0xc0001469a0 0xc0001469c0 0xc0001469e0 0xc000146a00] 0}
2020/11/13 16:45:05 [info][UDPChannel | Send] Message: SETRELAYDRIVE1X3FFFFFFF SERIALFILTER 000003870006
2020/11/13 16:45:05 [info][ConsoleTestObserver | Update ] Received new message &{breport genx_000003870006 [0xc00015ec00 0xc000146a60 0xc000148570 0xc000148578 0xc000148580 0xc0001609c0 0xc000146a80 0xc000146aa0 0xc000146ac0 0xc000146ae0 0xc000146b00 0xc000146b20 0xc000146b40 0xc000146b60] 0}
2020/11/13 16:45:05 [info][UDPChannel | Send] Message: SETRELAYDRIVE1X3FFFFFFF SERIALFILTER 000003870006
2020/11/13 16:45:05 [info][UDPChannel | Send] Message: SETRELAYDRIVE1X3FFFFFFF SERIALFILTER 000003870006
2020/11/13 16:45:05 [info][ConsoleTestObserver | Update ] Received new message &{breport genx_000003870006 [0xc00015eda0 0xc000146bc0 0xc000148608 0xc000148620 0xc000148628 0xc000160b00 0xc000146be0 0xc000146c00 0xc000146c20 0xc000146c40 0xc000146c60 0xc000146c80 0xc000146ca0 0xc000146cc0] 0}
2020/11/13 16:45:05 [info][UDPChannel | Send] Message: UDPACK 477
2020/11/13 16:45:09 [info]Received UDP packet: 33383730303036000000266c00045fae7f060a75b7e70810eb780002068c0006013d000000bb000063a22ed918000000000000000033383730303036000000266d00045fae80320a75b7e70810eb780002068c0006013d000000bd000063a22ede18000000000000000033383730303036000000266e00045fae815e0a75b7e70810eb780002068c0006013d000000bb000063a22edc18000000000000000033383730303036000000266f00045fae828a0a75b7e70810eb780002068c0006013d000000b9000063a22ed618000000000000000033383730303036000000267000045fae83b70a75b7e70810eb780002068c0006013d000000bb000063a22ed318000000000000000033383730303036000000267100045fae84e30a75b7e70810eb780002068c0006013d000000bb000063a22ee418000000000000000033383730303036000000267200045fae860f0a75b7e70810eb780002068c0006013d000000b9000063a22ed418000000000000000033383730303036000000267300045fae873a0a75b7e70810eb780002068c0006013d000000bd000063a22edc18000000000000000033383730303036000000267400045fae88660a75b7e70810eb780002068c0006013d000000bd000063a22ed3180000000000000000
2020/11/13 16:45:09 [info][ConsoleTestObserver | Update ] Received new message &{breport genx_000003870006 [0xc00015f1c0 0xc000147d00 0xc000149028 0xc000149040 0xc000149048 0xc000160f00 0xc000147d20 0xc000147d40 0xc000147d60 0xc000147d80 0xc000147da0 0xc000147dc0 0xc000147de0 0xc000147e00] 0}
2020/11/13 16:45:09 [info][UDPChannel | Send] Message: SETRELAYDRIVE1X3FFFFFFF SERIALFILTER 000003870006
2020/11/13 16:45:09 [info][ConsoleTestObserver | Update ] Received new message &{breport genx_000003870006 [0xc00015f360 0xc000147e60 0xc0001490e0 0xc0001490e8 0xc0001490f0 0xc000161040 0xc000147e80 0xc000147ea0 0xc000147ec0 0xc000147ee0 0xc000147f00 0xc000147f20 0xc000147f40 0xc000147f60] 0}
2020/11/13 16:45:09 [info][UDPChannel | Send] Message: SETRELAYDRIVE1X3FFFFFFF SERIALFILTER 000003870006
2020/11/13 16:45:09 [info][ConsoleTestObserver | Update ] Received new message &{breport genx_000003870006 [0xc00015f500 0xc000147fc0 0xc000149178 0xc000149190 0xc000149198 0xc000161180 0xc000147fe0 0xc000180000 0xc000180020 0xc000180040 0xc000180060 0xc000180080 0xc0001800a0 0xc0001800c0] 0}
2020/11/13 16:45:09 [info][UDPChannel | Send] Message: SETRELAYDRIVE1X3FFFFFFF SERIALFILTER 000003870006
2020/11/13 16:45:09 [info][ConsoleTestObserver | Update ] Received new message &{breport genx_000003870006 [0xc00015f6c0 0xc000180120 0xc000149230 0xc000149238 0xc000149240 0xc0001612c0 0xc000180140 0xc000180160 0xc000180180 0xc0001801a0 0xc0001801c0 0xc0001801e0 0xc000180200 0xc000180220] 0}
2020/11/13 16:45:09 [info][UDPChannel | Send] Message: SETRELAYDRIVE1X3FFFFFFF SERIALFILTER 000003870006
2020/11/13 16:45:09 [info][ConsoleTestObserver | Update ] Received new message &{breport genx_000003870006 [0xc00015f860 0xc000180280 0xc0001492c8 0xc0001492e0 0xc0001492e8 0xc000161400 0xc0001802a0 0xc0001802c0 0xc0001802e0 0xc000180300 0xc000180320 0xc000180340 0xc000180360 0xc000180380] 0}
2020/11/13 16:45:09 [info][UDPChannel | Send] Message: SETRELAYDRIVE1X3FFFFFFF SERIALFILTER 000003870006
2020/11/13 16:45:09 [info][ConsoleTestObserver | Update ] Received new message &{breport genx_000003870006 [0xc00015fa00 0xc0001803e0 0xc000149380 0xc000149388 0xc000149390 0xc000161580 0xc000180400 0xc000180420 0xc000180440 0xc000180460 0xc000180480 0xc0001804a0 0xc0001804c0 0xc0001804e0] 0}
2020/11/13 16:45:09 [info][UDPChannel | Send] Message: SETRELAYDRIVE1X3FFFFFFF SERIALFILTER 000003870006
2020/11/13 16:45:09 [info][ConsoleTestObserver | Update ] Received new message &{breport genx_000003870006 [0xc00015fba0 0xc000180540 0xc000149418 0xc000149430 0xc000149438 0xc0001616c0 0xc000180560 0xc000180580 0xc0001805a0 0xc0001805c0 0xc0001805e0 0xc000180600 0xc000180620 0xc000180640] 0}
2020/11/13 16:45:09 [info][UDPChannel | Send] Message: SETRELAYDRIVE1X3FFFFFFF SERIALFILTER 000003870006
2020/11/13 16:45:09 [info][ConsoleTestObserver | Update ] Received new message &{breport genx_000003870006 [0xc00015fd40 0xc0001806a0 0xc0001494d0 0xc0001494d8 0xc0001494e0 0xc000161800 0xc0001806c0 0xc0001806e0 0xc000180700 0xc000180720 0xc000180740 0xc000180760 0xc000180780 0xc0001807a0] 0}
2020/11/13 16:45:09 [info][UDPChannel | Send] Message: SETRELAYDRIVE1X3FFFFFFF SERIALFILTER 000003870006
2020/11/13 16:45:09 [info][ConsoleTestObserver | Update ] Received new message &{breport genx_000003870006 [0xc00015fee0 0xc000180800 0xc000149568 0xc000149580 0xc000149588 0xc000161940 0xc000180820 0xc000180840 0xc000180860 0xc000180880 0xc0001808a0 0xc0001808c0 0xc0001808e0 0xc000180900] 0}
2020/11/13 16:45:09 [info][UDPChannel | Send] Message: SETRELAYDRIVE1X3FFFFFFF SERIALFILTER 000003870006
2020/11/13 16:45:09 [info][UDPChannel | Send] Message: UDPACK 477
2020/11/13 16:45:19 [info]Received UDP packet: 3030303030333837303030362041434b203c53455452454c41594452495645315833464646464646462053455249414c46494c544552203030303030333837303030363e
2020/11/13 16:45:19 [info]Task is done
2020/11/13 16:45:19 [info]Task Done.
2020/11/13 16:45:19 [info]ALL OBSERVERS DETACHED []
2020/11/13 16:45:19 [info][ConsoleTestObserver | Update ] Received new message &{genx_000003870006 SETRELAYDRIVE1X3FFFFFFF SERIALFILTER 000003870006 ack}
2020/11/13 16:45:19 [info]Received UDP packet: 33383730303036000000267500045fae89920a75b7e70810eb780002068c0006013d000000bb000063a22ed418000000000000000033383730303036000000267600045fae8abe0a75b7e70810eb780002068c0006013d000000bb000063a22edd10000000000000000033383730303036000000267700045fae8bea0a75b7e70810eb780002068c0006013d000000bb000063a22eda18000000000000000033383730303036000000267800045fae8d160a75b7e70810eb780002068c0006013d000000bd000063a22ee018000000000000000033383730303036000000267900045fae8e420a75b7e70810eb780002068c0006013d000000bb000063a22ed718000000000000000033383730303036000000267a00045fae8f6e0a75b7e70810eb780002068c0006013d000000bd000063a22edf18000000000000000033383730303036000000267b00045fae909a0a75b7e70810eb780002068c0006013d000000bd000063a22edd18000000000000000033383730303036000000267c00045fae91c60a75b7e70810eb780002068c0006013d000000bd000063a22ee418000000000000000033383730303036000000267d00045fae92f20a75b7e70810eb780002068c0006013d000000bd000063a22ed0180000000000000000
2020/11/13 16:45:19 [info][ConsoleTestObserver | Update ] Received new message &{breport genx_000003870006 [0xc0001d6080 0xc0001c00c0 0xc0001c20c8 0xc0001c20e0 0xc0001c20e8 0xc0001d80c0 0xc0001c00e0 0xc0001c0100 0xc0001c0120 0xc0001c0140 0xc0001c0160 0xc0001c0180 0xc0001c01a0 0xc0001c01c0] 0}
2020/11/13 16:45:19 [info][ConsoleTestObserver | Update ] Received new message &{breport genx_000003870006 [0xc0001d6220 0xc0001c0220 0xc0001c2180 0xc0001c2188 0xc0001c2190 0xc0001d8200 0xc0001c0240 0xc0001c0260 0xc0001c0280 0xc0001c02a0 0xc0001c02c0 0xc0001c02e0 0xc0001c0300 0xc0001c0320] 0}
2020/11/13 16:45:19 [info][ConsoleTestObserver | Update ] Received new message &{breport genx_000003870006 [0xc0001d63c0 0xc0001c0380 0xc0001c2218 0xc0001c2230 0xc0001c2238 0xc0001d8340 0xc0001c03a0 0xc0001c03c0 0xc0001c03e0 0xc0001c0400 0xc0001c0420 0xc0001c0440 0xc0001c0460 0xc0001c0480] 0}
2020/11/13 16:45:19 [info][ConsoleTestObserver | Update ] Received new message &{breport genx_000003870006 [0xc0001d6580 0xc0001c04e0 0xc0001c22d0 0xc0001c22d8 0xc0001c22e0 0xc0001d8480 0xc0001c0500 0xc0001c0520 0xc0001c0540 0xc0001c0560 0xc0001c0580 0xc0001c05a0 0xc0001c05c0 0xc0001c05e0] 0}
2020/11/13 16:45:19 [info][ConsoleTestObserver | Update ] Received new message &{breport genx_000003870006 [0xc0001d6720 0xc0001c0640 0xc0001c2368 0xc0001c2380 0xc0001c2388 0xc0001d85c0 0xc0001c0660 0xc0001c0680 0xc0001c06a0 0xc0001c06c0 0xc0001c06e0 0xc0001c0700 0xc0001c0720 0xc0001c0740] 0}
2020/11/13 16:45:19 [info][ConsoleTestObserver | Update ] Received new message &{breport genx_000003870006 [0xc0001d68c0 0xc0001c07a0 0xc0001c2420 0xc0001c2428 0xc0001c2430 0xc0001d8740 0xc0001c07c0 0xc0001c07e0 0xc0001c0800 0xc0001c0820 0xc0001c0840 0xc0001c0860 0xc0001c0880 0xc0001c08a0] 0}
2020/11/13 16:45:19 [info][ConsoleTestObserver | Update ] Received new message &{breport genx_000003870006 [0xc0001d6a60 0xc0001c0900 0xc0001c24b8 0xc0001c24d0 0xc0001c24d8 0xc0001d8880 0xc0001c0920 0xc0001c0940 0xc0001c0960 0xc0001c0980 0xc0001c09a0 0xc0001c09c0 0xc0001c09e0 0xc0001c0a00] 0}
2020/11/13 16:45:19 [info][ConsoleTestObserver | Update ] Received new message &{breport genx_000003870006 [0xc0001d6c00 0xc0001c0a60 0xc0001c2570 0xc0001c2578 0xc0001c2580 0xc0001d89c0 0xc0001c0a80 0xc0001c0aa0 0xc0001c0ac0 0xc0001c0ae0 0xc0001c0b00 0xc0001c0b20 0xc0001c0b40 0xc0001c0b60] 0}
2020/11/13 16:45:19 [info][ConsoleTestObserver | Update ] Received new message &{breport genx_000003870006 [0xc0001d6da0 0xc0001c0bc0 0xc0001c2608 0xc0001c2620 0xc0001c2628 0xc0001d8b00 0xc0001c0be0 0xc0001c0c00 0xc0001c0c20 0xc0001c0c40 0xc0001c0c60 0xc0001c0c80 0xc0001c0ca0 0xc0001c0cc0] 0}
2020/11/13 16:45:19 [info][UDPChannel | Send] Message: UDPACK 477
2020/11/13 16:45:21 [info]Received UDP packet: 33383730303036000000267e00045fae941e0a75b7e70810eb780002068c0006013d000000bd000063a22ee118000000000000000033383730303036000000267f00045fae954a0a75b7e70810eb780002068c0006013d000000bd000063a22eda18000000000000000033383730303036000000268000045fae96760a75b7e70810eb780002068c0006013d000000bb000063a22ed410000000000000000033383730303036000000268100045fae97a20a75b7e70810eb780002068c0006013d000000bd000063a22ef110000000000000000033383730303036000000268200045fae984f0a75b7e70810eb780002068c0021013d000000bd000063a22eeb10000000000000000033383730303036000000268300045fae984f0a75b7e70810eb780002068c003b013d00000000000000002eeb10000000000000000033383730303036000000268400045fae985a0a75b7e70810eb780002068c0001013d00000000000000002eeb10000000000000000033383730303036000000268500045fae985c0a75b7e70810eb780002068c0006013d00000000000000002eec18000000000000000033383730303036000000268600045fae99880a75b7e70810eb780002068c0006013d000000bb000063a22ee7180000000000000000
2020/11/13 16:45:21 [info][ConsoleTestObserver | Update ] Received new message &{breport genx_000003870006 [0xc0001d70a0 0xc0001c0d40 0xc0001c27b8 0xc0001c27d0 0xc0001c27d8 0xc0001d8f00 0xc0001c0d60 0xc0001c0d80 0xc0001c0da0 0xc0001c0dc0 0xc0001c0de0 0xc0001c0e00 0xc0001c0e20 0xc0001c0e40] 0}
2020/11/13 16:45:21 [info][ConsoleTestObserver | Update ] Received new message &{breport genx_000003870006 [0xc0001d7240 0xc0001c0ea0 0xc0001c2870 0xc0001c2878 0xc0001c2880 0xc0001d9040 0xc0001c0ec0 0xc0001c0ee0 0xc0001c0f00 0xc0001c0f20 0xc0001c0f40 0xc0001c0f60 0xc0001c0f80 0xc0001c0fa0] 0}
2020/11/13 16:45:21 [info][ConsoleTestObserver | Update ] Received new message &{breport genx_000003870006 [0xc0001d73e0 0xc0001c1000 0xc0001c2908 0xc0001c2920 0xc0001c2928 0xc0001d9180 0xc0001c1020 0xc0001c1040 0xc0001c1060 0xc0001c1080 0xc0001c10a0 0xc0001c10c0 0xc0001c10e0 0xc0001c1100] 0}
2020/11/13 16:45:21 [info][ConsoleTestObserver | Update ] Received new message &{breport genx_000003870006 [0xc0001d75a0 0xc0001c1160 0xc0001c29c0 0xc0001c29c8 0xc0001c29d0 0xc0001d92c0 0xc0001c1180 0xc0001c11a0 0xc0001c11c0 0xc0001c11e0 0xc0001c1200 0xc0001c1220 0xc0001c1240 0xc0001c1260] 0}
2020/11/13 16:45:21 [info][ConsoleTestObserver | Update ] Received new message &{breport genx_000003870006 [0xc0001d7740 0xc0001c12c0 0xc0001c2a58 0xc0001c2a70 0xc0001c2a78 0xc0001d9400 0xc0001c12e0 0xc0001c1300 0xc0001c1320 0xc0001c1340 0xc0001c1360 0xc0001c1380 0xc0001c13a0 0xc0001c13c0] 0}
2020/11/13 16:45:21 [info][ConsoleTestObserver | Update ] Received new message &{breport genx_000003870006 [0xc0001d78e0 0xc0001c1420 0xc0001c2af8 0xc0001c2b10 0xc0001c2b18 0xc0001d9580 0xc0001c1440 0xc0001c1460 0xc0001c1480 0xc0001c14a0 0xc0001c14c0 0xc0001c14e0 0xc0001c1500 0xc0001c1520] 0}
2020/11/13 16:45:21 [info][ConsoleTestObserver | Update ] Received new message &{breport genx_000003870006 [0xc0001d7a80 0xc0001c1580 0xc0001c2b98 0xc0001c2bb0 0xc0001c2bb8 0xc0001d96c0 0xc0001c15a0 0xc0001c15c0 0xc0001c15e0 0xc0001c1600 0xc0001c1620 0xc0001c1640 0xc0001c1660 0xc0001c1680] 0}
2020/11/13 16:45:21 [info][ConsoleTestObserver | Update ] Received new message &{breport genx_000003870006 [0xc0001d7c20 0xc0001c16e0 0xc0001c2c38 0xc0001c2c50 0xc0001c2c58 0xc0001d9800 0xc0001c1700 0xc0001c1720 0xc0001c1740 0xc0001c1760 0xc0001c1780 0xc0001c17a0 0xc0001c17c0 0xc0001c17e0] 0}
2020/11/13 16:45:21 [info][ConsoleTestObserver | Update ] Received new message &{breport genx_000003870006 [0xc0001d7dc0 0xc0001c1840 0xc0001c2cf0 0xc0001c2cf8 0xc0001c2d00 0xc0001d9940 0xc0001c1860 0xc0001c1880 0xc0001c18a0 0xc0001c18c0 0xc0001c18e0 0xc0001c1900 0xc0001c1920 0xc0001c1940] 0}
2020/11/13 16:45:21 [info][UDPChannel | Send] Message: UDPACK 477
2020/11/13 16:45:22 [info]Received UDP packet: 33383730303036000000268700045fae9ab40a75b7e70810eb780002068c0006013d000000bd000063a22ee618000000000000000033383730303036000000268800045fae9be00a75b7e70810eb780002068c0006013d000000bd000063a22eea180000000000000000
2020/11/13 16:45:22 [info][ConsoleTestObserver | Update ] Received new message &{breport genx_000003870006 [0xc0001f60c0 0xc0001c19c0 0xc0001c2e98 0xc0001c2eb0 0xc0001c2eb8 0xc0001d9d40 0xc0001c19e0 0xc0001c1a00 0xc0001c1a20 0xc0001c1a40 0xc0001c1a60 0xc0001c1a80 0xc0001c1aa0 0xc0001c1ac0] 0}
2020/11/13 16:45:22 [info][ConsoleTestObserver | Update ] Received new message &{breport genx_000003870006 [0xc0001f6260 0xc0001c1b20 0xc0001c2f50 0xc0001c2f58 0xc0001c2f60 0xc0001d9e80 0xc0001c1b40 0xc0001c1b60 0xc0001c1b80 0xc0001c1ba0 0xc0001c1bc0 0xc0001c1be0 0xc0001c1c00 0xc0001c1c20] 0}
2020/11/13 16:45:22 [info][UDPChannel | Send] Message: UDPACK 106
2020/11/13 16:50:28 [info]Loading report configuration from: c:\Users\akornienko\work\genx-go\ReportConfiguration.xml
2020/11/13 16:50:28 [info]Device founded
2020/11/13 16:50:28 [info][ElectricLockTask | Start] Task starded. Task expiration time:  2020-11-13 14:56:28 +0000 UTC . Current time:  2020-11-13 14:50:28.4703321 +0000 UTC
2020/11/13 16:50:28 [info][UDPChannel | Send] Message: SETRELAYDRIVE1X3FFFFFFF SERIALFILTER 000003870006
2020/11/13 16:50:28 [info][WaitingEctricLockAck] Successfuly attached
